2025-03-04 09:01:53,070 INFO o.a.j.u.JMeterUtils: Setting Locale to en_EN
2025-03-04 09:01:53,087 INFO o.a.j.JMeter: Loading user properties from: user.properties
2025-03-04 09:01:53,087 INFO o.a.j.JMeter: Loading system properties from: system.properties
2025-03-04 09:01:53,092 INFO o.a.j.JMeter: Copyright (c) 1998-2024 The Apache Software Foundation
2025-03-04 09:01:53,092 INFO o.a.j.JMeter: Version 5.6.3
2025-03-04 09:01:53,092 INFO o.a.j.JMeter: java.version=23.0.2
2025-03-04 09:01:53,092 INFO o.a.j.JMeter: java.vm.name=Java HotSpot(TM) 64-Bit Server VM
2025-03-04 09:01:53,092 INFO o.a.j.JMeter: os.name=Windows 11
2025-03-04 09:01:53,092 INFO o.a.j.JMeter: os.arch=amd64
2025-03-04 09:01:53,092 INFO o.a.j.JMeter: os.version=10.0
2025-03-04 09:01:53,093 INFO o.a.j.JMeter: file.encoding=UTF-8
2025-03-04 09:01:53,093 INFO o.a.j.JMeter: java.awt.headless=null
2025-03-04 09:01:53,093 INFO o.a.j.JMeter: Max memory     =1073741824
2025-03-04 09:01:53,093 INFO o.a.j.JMeter: Available Processors =20
2025-03-04 09:01:53,105 INFO o.a.j.JMeter: Default Locale=English (EN)
2025-03-04 09:01:53,106 INFO o.a.j.JMeter: JMeter  Locale=English (EN)
2025-03-04 09:01:53,106 INFO o.a.j.JMeter: JMeterHome=C:\Ezra\專題製作\Project_1\ecommerce-test\apache-jmeter-5.6.3
2025-03-04 09:01:53,106 INFO o.a.j.JMeter: user.dir  =C:\Ezra\專題製作\Project_1\ecommerce-test\apache-jmeter-5.6.3\bin
2025-03-04 09:01:53,106 INFO o.a.j.JMeter: PWD       =C:\Ezra\專題製作\Project_1\ecommerce-test\apache-jmeter-5.6.3\bin
2025-03-04 09:01:53,107 INFO o.a.j.JMeter: IP: 100.108.212.8 Name: AI-02 FullName: ai-02.tail605d94.ts.net.
2025-03-04 09:01:53,114 INFO o.a.j.JMeter: Loaded icon properties from org/apache/jmeter/images/icon.properties
2025-03-04 09:01:53,272 INFO o.a.j.JMeterGuiLauncher: Setting LAF to: com.github.weisj.darklaf.DarkLaf:com.github.weisj.darklaf.theme.DarculaTheme
2025-03-04 09:02:19,040 INFO o.a.j.u.JMeterUtils: Setting Locale to zh_TW
2025-03-04 09:08:33,253 INFO o.a.j.s.FileServer: Default base='C:\Ezra\專題製作\Project_1\ecommerce-test\apache-jmeter-5.6.3\bin'
2025-03-04 09:14:01,530 INFO o.a.j.u.JMeterUtils: Setting Locale to en
2025-03-04 09:14:19,914 INFO o.a.j.p.h.s.HTTPSamplerBase: Parser for text/html is org.apache.jmeter.protocol.http.parser.LagartoBasedHtmlParser
2025-03-04 09:14:19,914 INFO o.a.j.p.h.s.HTTPSamplerBase: Parser for application/xhtml+xml is org.apache.jmeter.protocol.http.parser.LagartoBasedHtmlParser
2025-03-04 09:14:19,914 INFO o.a.j.p.h.s.HTTPSamplerBase: Parser for application/xml is org.apache.jmeter.protocol.http.parser.LagartoBasedHtmlParser
2025-03-04 09:14:19,914 INFO o.a.j.p.h.s.HTTPSamplerBase: Parser for text/xml is org.apache.jmeter.protocol.http.parser.LagartoBasedHtmlParser
2025-03-04 09:14:19,914 INFO o.a.j.p.h.s.HTTPSamplerBase: Parser for text/vnd.wap.wml is org.apache.jmeter.protocol.http.parser.RegexpHTMLParser
2025-03-04 09:14:19,914 INFO o.a.j.p.h.s.HTTPSamplerBase: Parser for text/css is org.apache.jmeter.protocol.http.parser.CssParser
2025-03-04 09:14:35,038 INFO o.a.j.u.JMeterUtils: Setting Locale to zh_TW
2025-03-04 09:20:39,971 INFO o.a.j.s.SampleResult: Note: Sample TimeStamps are START times
2025-03-04 09:20:39,971 INFO o.a.j.s.SampleResult: sampleresult.default.encoding is set to UTF-8
2025-03-04 09:20:39,971 INFO o.a.j.s.SampleResult: sampleresult.useNanoTime=true
2025-03-04 09:20:39,971 INFO o.a.j.s.SampleResult: sampleresult.nanoThreadSleep=5000
2025-03-04 09:21:51,250 INFO o.a.j.e.StandardJMeterEngine: Running the test!
2025-03-04 09:21:51,250 INFO o.a.j.s.SampleEvent: List of sample_variables: []
2025-03-04 09:21:51,251 INFO o.a.j.s.SampleEvent: List of sample_variables: []
2025-03-04 09:21:51,251 INFO o.a.j.e.u.CompoundVariable: Note: Function class names must contain the string: '.functions.'
2025-03-04 09:21:51,251 INFO o.a.j.e.u.CompoundVariable: Note: Function class names must not contain the string: '.gui.'
2025-03-04 09:21:51,281 INFO o.a.j.g.u.JMeterMenuBar: setRunning(true, *local*)
2025-03-04 09:21:51,304 INFO o.a.j.e.StandardJMeterEngine: Starting ThreadGroup: 1 : 執行緒群組
2025-03-04 09:21:51,304 INFO o.a.j.e.StandardJMeterEngine: Starting 50 threads for group 執行緒群組.
2025-03-04 09:21:51,304 INFO o.a.j.e.StandardJMeterEngine: Thread will continue on error
2025-03-04 09:21:51,304 INFO o.a.j.t.ThreadGroup: Starting thread group... number=1 threads=50 ramp-up=10 delayedStart=false
2025-03-04 09:21:51,306 INFO o.a.j.t.JMeterThread: Thread started: 執行緒群組 1-1
2025-03-04 09:21:51,311 INFO o.a.j.t.ThreadGroup: Started thread group number 1
2025-03-04 09:21:51,311 INFO o.a.j.e.StandardJMeterEngine: All thread groups have been started
2025-03-04 09:21:51,314 INFO o.a.j.p.h.s.HTTPHCAbstractImpl: Local host = AI-02
2025-03-04 09:21:51,321 INFO o.a.j.p.h.s.HTTPHC4Impl: HTTP request retry count = 0
2025-03-04 09:21:51,505 INFO o.a.j.t.JMeterThread: Thread started: 執行緒群組 1-2
2025-03-04 09:21:51,705 INFO o.a.j.t.JMeterThread: Thread started: 執行緒群組 1-3
2025-03-04 09:21:51,893 INFO o.a.j.p.h.s.h.LazyLayeredConnectionSocketFactory: Setting up HTTPS TrustAll Socket Factory
2025-03-04 09:21:51,895 INFO o.a.j.u.JsseSSLManager: Using default SSL protocol: TLS
2025-03-04 09:21:51,895 INFO o.a.j.u.JsseSSLManager: SSL session context: per-thread
2025-03-04 09:21:51,906 INFO o.a.j.t.JMeterThread: Thread started: 執行緒群組 1-4
2025-03-04 09:21:52,003 INFO o.a.j.u.SSLManager: JmeterKeyStore Location:  type JKS
2025-03-04 09:21:52,004 INFO o.a.j.u.SSLManager: KeyStore created OK
2025-03-04 09:21:52,004 WARN o.a.j.u.SSLManager: Keystore file not found, loading empty keystore
2025-03-04 09:21:52,106 INFO o.a.j.t.JMeterThread: Thread started: 執行緒群組 1-5
2025-03-04 09:21:52,306 INFO o.a.j.t.JMeterThread: Thread started: 執行緒群組 1-6
2025-03-04 09:21:52,505 INFO o.a.j.t.JMeterThread: Thread started: 執行緒群組 1-7
2025-03-04 09:21:52,705 INFO o.a.j.t.JMeterThread: Thread started: 執行緒群組 1-8
2025-03-04 09:21:52,722 INFO o.a.j.t.JMeterThread: Thread is done: 執行緒群組 1-4
2025-03-04 09:21:52,722 INFO o.a.j.t.JMeterThread: Thread is done: 執行緒群組 1-5
2025-03-04 09:21:52,722 INFO o.a.j.t.JMeterThread: Thread finished: 執行緒群組 1-4
2025-03-04 09:21:52,723 INFO o.a.j.t.JMeterThread: Thread finished: 執行緒群組 1-5
2025-03-04 09:21:52,904 INFO o.a.j.t.JMeterThread: Thread started: 執行緒群組 1-9
2025-03-04 09:21:52,998 INFO o.a.j.t.JMeterThread: Thread is done: 執行緒群組 1-1
2025-03-04 09:21:52,999 INFO o.a.j.t.JMeterThread: Thread finished: 執行緒群組 1-1
2025-03-04 09:21:53,104 INFO o.a.j.t.JMeterThread: Thread started: 執行緒群組 1-10
2025-03-04 09:21:53,258 INFO o.a.j.t.JMeterThread: Thread is done: 執行緒群組 1-2
2025-03-04 09:21:53,258 INFO o.a.j.t.JMeterThread: Thread finished: 執行緒群組 1-2
2025-03-04 09:21:53,304 INFO o.a.j.t.JMeterThread: Thread started: 執行緒群組 1-11
2025-03-04 09:21:53,440 INFO o.a.j.t.JMeterThread: Thread is done: 執行緒群組 1-9
2025-03-04 09:21:53,440 INFO o.a.j.t.JMeterThread: Thread finished: 執行緒群組 1-9
2025-03-04 09:21:53,504 INFO o.a.j.t.JMeterThread: Thread started: 執行緒群組 1-12
2025-03-04 09:21:53,650 INFO o.a.j.t.JMeterThread: Thread is done: 執行緒群組 1-10
2025-03-04 09:21:53,651 INFO o.a.j.t.JMeterThread: Thread finished: 執行緒群組 1-10
2025-03-04 09:21:53,700 INFO o.a.j.t.JMeterThread: Thread is done: 執行緒群組 1-7
2025-03-04 09:21:53,700 INFO o.a.j.t.JMeterThread: Thread finished: 執行緒群組 1-7
2025-03-04 09:21:53,705 INFO o.a.j.t.JMeterThread: Thread started: 執行緒群組 1-13
2025-03-04 09:21:53,732 INFO o.a.j.t.JMeterThread: Thread is done: 執行緒群組 1-8
2025-03-04 09:21:53,733 INFO o.a.j.t.JMeterThread: Thread finished: 執行緒群組 1-8
2025-03-04 09:21:53,905 INFO o.a.j.t.JMeterThread: Thread started: 執行緒群組 1-14
2025-03-04 09:21:53,925 INFO o.a.j.t.JMeterThread: Thread is done: 執行緒群組 1-6
2025-03-04 09:21:53,925 INFO o.a.j.t.JMeterThread: Thread finished: 執行緒群組 1-6
2025-03-04 09:21:54,105 INFO o.a.j.t.JMeterThread: Thread started: 執行緒群組 1-15
2025-03-04 09:21:54,260 INFO o.a.j.t.JMeterThread: Thread is done: 執行緒群組 1-13
2025-03-04 09:21:54,260 INFO o.a.j.t.JMeterThread: Thread finished: 執行緒群組 1-13
2025-03-04 09:21:54,305 INFO o.a.j.t.JMeterThread: Thread started: 執行緒群組 1-16
2025-03-04 09:21:54,317 INFO o.a.j.t.JMeterThread: Thread is done: 執行緒群組 1-12
2025-03-04 09:21:54,317 INFO o.a.j.t.JMeterThread: Thread finished: 執行緒群組 1-12
2025-03-04 09:21:54,412 INFO o.a.j.t.JMeterThread: Thread is done: 執行緒群組 1-3
2025-03-04 09:21:54,412 INFO o.a.j.t.JMeterThread: Thread finished: 執行緒群組 1-3
2025-03-04 09:21:54,506 INFO o.a.j.t.JMeterThread: Thread started: 執行緒群組 1-17
2025-03-04 09:21:54,667 INFO o.a.j.t.JMeterThread: Thread is done: 執行緒群組 1-15
2025-03-04 09:21:54,667 INFO o.a.j.t.JMeterThread: Thread finished: 執行緒群組 1-15
2025-03-04 09:21:54,705 INFO o.a.j.t.JMeterThread: Thread started: 執行緒群組 1-18
2025-03-04 09:21:54,906 INFO o.a.j.t.JMeterThread: Thread started: 執行緒群組 1-19
2025-03-04 09:21:55,105 INFO o.a.j.t.JMeterThread: Thread started: 執行緒群組 1-20
2025-03-04 09:21:55,258 INFO o.a.j.t.JMeterThread: Thread is done: 執行緒群組 1-16
2025-03-04 09:21:55,258 INFO o.a.j.t.JMeterThread: Thread finished: 執行緒群組 1-16
2025-03-04 09:21:55,260 INFO o.a.j.t.JMeterThread: Thread is done: 執行緒群組 1-18
2025-03-04 09:21:55,260 INFO o.a.j.t.JMeterThread: Thread finished: 執行緒群組 1-18
2025-03-04 09:21:55,305 INFO o.a.j.t.JMeterThread: Thread started: 執行緒群組 1-21
2025-03-04 09:21:55,403 INFO o.a.j.t.JMeterThread: Thread is done: 執行緒群組 1-11
2025-03-04 09:21:55,403 INFO o.a.j.t.JMeterThread: Thread finished: 執行緒群組 1-11
2025-03-04 09:21:55,504 INFO o.a.j.t.JMeterThread: Thread started: 執行緒群組 1-22
2025-03-04 09:21:55,602 INFO o.a.j.t.JMeterThread: Thread is done: 執行緒群組 1-17
2025-03-04 09:21:55,602 INFO o.a.j.t.JMeterThread: Thread finished: 執行緒群組 1-17
2025-03-04 09:21:55,614 INFO o.a.j.t.JMeterThread: Thread is done: 執行緒群組 1-20
2025-03-04 09:21:55,614 INFO o.a.j.t.JMeterThread: Thread finished: 執行緒群組 1-20
2025-03-04 09:21:55,638 INFO o.a.j.t.JMeterThread: Thread is done: 執行緒群組 1-14
2025-03-04 09:21:55,638 INFO o.a.j.t.JMeterThread: Thread finished: 執行緒群組 1-14
2025-03-04 09:21:55,704 INFO o.a.j.t.JMeterThread: Thread started: 執行緒群組 1-23
2025-03-04 09:21:55,755 INFO o.a.j.t.JMeterThread: Thread is done: 執行緒群組 1-19
2025-03-04 09:21:55,756 INFO o.a.j.t.JMeterThread: Thread finished: 執行緒群組 1-19
2025-03-04 09:21:55,905 INFO o.a.j.t.JMeterThread: Thread started: 執行緒群組 1-24
2025-03-04 09:21:56,105 INFO o.a.j.t.JMeterThread: Thread started: 執行緒群組 1-25
2025-03-04 09:21:56,305 INFO o.a.j.t.JMeterThread: Thread started: 執行緒群組 1-26
2025-03-04 09:21:56,505 INFO o.a.j.t.JMeterThread: Thread started: 執行緒群組 1-27
2025-03-04 09:21:56,705 INFO o.a.j.t.JMeterThread: Thread started: 執行緒群組 1-28
2025-03-04 09:21:56,905 INFO o.a.j.t.JMeterThread: Thread started: 執行緒群組 1-29
2025-03-04 09:21:56,930 INFO o.a.j.t.JMeterThread: Thread is done: 執行緒群組 1-25
2025-03-04 09:21:56,931 INFO o.a.j.t.JMeterThread: Thread finished: 執行緒群組 1-25
2025-03-04 09:21:57,105 INFO o.a.j.t.JMeterThread: Thread started: 執行緒群組 1-30
2025-03-04 09:21:57,305 INFO o.a.j.t.JMeterThread: Thread started: 執行緒群組 1-31
2025-03-04 09:21:57,506 INFO o.a.j.t.JMeterThread: Thread started: 執行緒群組 1-32
2025-03-04 09:21:57,705 INFO o.a.j.t.JMeterThread: Thread started: 執行緒群組 1-33
2025-03-04 09:21:57,845 INFO o.a.j.t.JMeterThread: Thread is done: 執行緒群組 1-29
2025-03-04 09:21:57,845 INFO o.a.j.t.JMeterThread: Thread finished: 執行緒群組 1-29
2025-03-04 09:21:57,860 INFO o.a.j.t.JMeterThread: Thread is done: 執行緒群組 1-23
2025-03-04 09:21:57,860 INFO o.a.j.t.JMeterThread: Thread finished: 執行緒群組 1-23
2025-03-04 09:21:57,869 INFO o.a.j.t.JMeterThread: Thread is done: 執行緒群組 1-26
2025-03-04 09:21:57,869 INFO o.a.j.t.JMeterThread: Thread finished: 執行緒群組 1-26
2025-03-04 09:21:57,905 INFO o.a.j.t.JMeterThread: Thread started: 執行緒群組 1-34
2025-03-04 09:21:57,921 INFO o.a.j.t.JMeterThread: Thread is done: 執行緒群組 1-30
2025-03-04 09:21:57,922 INFO o.a.j.t.JMeterThread: Thread finished: 執行緒群組 1-30
2025-03-04 09:21:58,105 INFO o.a.j.t.JMeterThread: Thread started: 執行緒群組 1-35
2025-03-04 09:21:58,304 INFO o.a.j.t.JMeterThread: Thread started: 執行緒群組 1-36
2025-03-04 09:21:58,507 INFO o.a.j.t.JMeterThread: Thread started: 執行緒群組 1-37
2025-03-04 09:21:58,688 INFO o.a.j.t.JMeterThread: Thread is done: 執行緒群組 1-32
2025-03-04 09:21:58,689 INFO o.a.j.t.JMeterThread: Thread finished: 執行緒群組 1-32
2025-03-04 09:21:58,705 INFO o.a.j.t.JMeterThread: Thread started: 執行緒群組 1-38
2025-03-04 09:21:58,808 INFO o.a.j.t.JMeterThread: Thread is done: 執行緒群組 1-21
2025-03-04 09:21:58,808 INFO o.a.j.t.JMeterThread: Thread finished: 執行緒群組 1-21
2025-03-04 09:21:58,823 INFO o.a.j.t.JMeterThread: Thread is done: 執行緒群組 1-22
2025-03-04 09:21:58,823 INFO o.a.j.t.JMeterThread: Thread finished: 執行緒群組 1-22
2025-03-04 09:21:58,905 INFO o.a.j.t.JMeterThread: Thread started: 執行緒群組 1-39
2025-03-04 09:21:59,106 INFO o.a.j.t.JMeterThread: Thread started: 執行緒群組 1-40
2025-03-04 09:21:59,305 INFO o.a.j.t.JMeterThread: Thread started: 執行緒群組 1-41
2025-03-04 09:21:59,504 INFO o.a.j.t.JMeterThread: Thread started: 執行緒群組 1-42
2025-03-04 09:21:59,705 INFO o.a.j.t.JMeterThread: Thread started: 執行緒群組 1-43
2025-03-04 09:21:59,904 INFO o.a.j.t.JMeterThread: Thread started: 執行緒群組 1-44
2025-03-04 09:21:59,929 INFO o.a.j.t.JMeterThread: Thread is done: 執行緒群組 1-33
2025-03-04 09:21:59,929 INFO o.a.j.t.JMeterThread: Thread finished: 執行緒群組 1-33
2025-03-04 09:21:59,962 INFO o.a.j.t.JMeterThread: Thread is done: 執行緒群組 1-31
2025-03-04 09:21:59,962 INFO o.a.j.t.JMeterThread: Thread finished: 執行緒群組 1-31
2025-03-04 09:22:00,097 INFO o.a.j.t.JMeterThread: Thread is done: 執行緒群組 1-42
2025-03-04 09:22:00,097 INFO o.a.j.t.JMeterThread: Thread finished: 執行緒群組 1-42
2025-03-04 09:22:00,104 INFO o.a.j.t.JMeterThread: Thread started: 執行緒群組 1-45
2025-03-04 09:22:00,155 INFO o.a.j.t.JMeterThread: Thread is done: 執行緒群組 1-40
2025-03-04 09:22:00,155 INFO o.a.j.t.JMeterThread: Thread finished: 執行緒群組 1-40
2025-03-04 09:22:00,157 INFO o.a.j.t.JMeterThread: Thread is done: 執行緒群組 1-41
2025-03-04 09:22:00,157 INFO o.a.j.t.JMeterThread: Thread finished: 執行緒群組 1-41
2025-03-04 09:22:00,182 INFO o.a.j.t.JMeterThread: Thread is done: 執行緒群組 1-43
2025-03-04 09:22:00,183 INFO o.a.j.t.JMeterThread: Thread finished: 執行緒群組 1-43
2025-03-04 09:22:00,211 INFO o.a.j.t.JMeterThread: Thread is done: 執行緒群組 1-34
2025-03-04 09:22:00,211 INFO o.a.j.t.JMeterThread: Thread finished: 執行緒群組 1-34
2025-03-04 09:22:00,305 INFO o.a.j.t.JMeterThread: Thread started: 執行緒群組 1-46
2025-03-04 09:22:00,331 INFO o.a.j.t.JMeterThread: Thread is done: 執行緒群組 1-36
2025-03-04 09:22:00,331 INFO o.a.j.t.JMeterThread: Thread finished: 執行緒群組 1-36
2025-03-04 09:22:00,472 INFO o.a.j.t.JMeterThread: Thread is done: 執行緒群組 1-37
2025-03-04 09:22:00,472 INFO o.a.j.t.JMeterThread: Thread finished: 執行緒群組 1-37
2025-03-04 09:22:00,501 INFO o.a.j.t.JMeterThread: Thread is done: 執行緒群組 1-28
2025-03-04 09:22:00,501 INFO o.a.j.t.JMeterThread: Thread finished: 執行緒群組 1-28
2025-03-04 09:22:00,505 INFO o.a.j.t.JMeterThread: Thread started: 執行緒群組 1-47
2025-03-04 09:22:00,553 INFO o.a.j.t.JMeterThread: Thread is done: 執行緒群組 1-39
2025-03-04 09:22:00,553 INFO o.a.j.t.JMeterThread: Thread finished: 執行緒群組 1-39
2025-03-04 09:22:00,610 INFO o.a.j.t.JMeterThread: Thread is done: 執行緒群組 1-35
2025-03-04 09:22:00,610 INFO o.a.j.t.JMeterThread: Thread finished: 執行緒群組 1-35
2025-03-04 09:22:00,639 INFO o.a.j.t.JMeterThread: Thread is done: 執行緒群組 1-38
2025-03-04 09:22:00,639 INFO o.a.j.t.JMeterThread: Thread finished: 執行緒群組 1-38
2025-03-04 09:22:00,705 INFO o.a.j.t.JMeterThread: Thread started: 執行緒群組 1-48
2025-03-04 09:22:00,734 INFO o.a.j.t.JMeterThread: Thread is done: 執行緒群組 1-44
2025-03-04 09:22:00,734 INFO o.a.j.t.JMeterThread: Thread finished: 執行緒群組 1-44
2025-03-04 09:22:00,859 INFO o.a.j.t.JMeterThread: Thread is done: 執行緒群組 1-46
2025-03-04 09:22:00,859 INFO o.a.j.t.JMeterThread: Thread finished: 執行緒群組 1-46
2025-03-04 09:22:00,864 INFO o.a.j.s.FileServer: Set new base='C:\Ezra\專題製作\Project_1\ecommerce-test\apache-jmeter-5.6.3\bin'
2025-03-04 09:22:00,904 INFO o.a.j.t.JMeterThread: Thread started: 執行緒群組 1-49
2025-03-04 09:22:01,002 INFO o.a.j.s.SaveService: Testplan (JMX) version: 2.2. Testlog (JTL) version: 2.2
2025-03-04 09:22:01,004 INFO o.a.j.s.SaveService: Using SaveService properties version 5.0
2025-03-04 09:22:01,006 INFO o.a.j.s.SaveService: Using SaveService properties file encoding UTF-8
2025-03-04 09:22:01,105 INFO o.a.j.t.JMeterThread: Thread started: 執行緒群組 1-50
2025-03-04 09:22:01,365 INFO o.a.j.t.JMeterThread: Thread is done: 執行緒群組 1-47
2025-03-04 09:22:01,366 INFO o.a.j.t.JMeterThread: Thread finished: 執行緒群組 1-47
2025-03-04 09:22:01,397 INFO o.a.j.t.JMeterThread: Thread is done: 執行緒群組 1-48
2025-03-04 09:22:01,397 INFO o.a.j.t.JMeterThread: Thread finished: 執行緒群組 1-48
2025-03-04 09:22:01,518 INFO o.a.j.t.JMeterThread: Thread is done: 執行緒群組 1-24
2025-03-04 09:22:01,518 INFO o.a.j.t.JMeterThread: Thread finished: 執行緒群組 1-24
2025-03-04 09:22:01,602 INFO o.a.j.t.JMeterThread: Thread is done: 執行緒群組 1-45
2025-03-04 09:22:01,602 INFO o.a.j.t.JMeterThread: Thread finished: 執行緒群組 1-45
2025-03-04 09:22:01,757 INFO o.a.j.t.JMeterThread: Thread is done: 執行緒群組 1-49
2025-03-04 09:22:01,757 INFO o.a.j.t.JMeterThread: Thread finished: 執行緒群組 1-49
2025-03-04 09:22:02,639 INFO o.a.j.t.JMeterThread: Thread is done: 執行緒群組 1-50
2025-03-04 09:22:02,639 INFO o.a.j.t.JMeterThread: Thread finished: 執行緒群組 1-50
2025-03-04 09:22:12,081 INFO o.a.j.t.JMeterThread: Thread is done: 執行緒群組 1-27
2025-03-04 09:22:12,081 INFO o.a.j.t.JMeterThread: Thread finished: 執行緒群組 1-27
2025-03-04 09:22:12,083 INFO o.a.j.e.StandardJMeterEngine: Notifying test listeners of end of test
2025-03-04 09:22:12,084 INFO o.a.j.g.u.JMeterMenuBar: setRunning(false, *local*)
2025-03-04 09:25:05,256 INFO o.a.j.e.StandardJMeterEngine: Running the test!
2025-03-04 09:25:05,257 INFO o.a.j.s.SampleEvent: List of sample_variables: []
2025-03-04 09:25:05,257 INFO o.a.j.g.u.JMeterMenuBar: setRunning(true, *local*)
2025-03-04 09:25:05,282 INFO o.a.j.e.StandardJMeterEngine: Starting ThreadGroup: 1 : 執行緒群組
2025-03-04 09:25:05,283 INFO o.a.j.e.StandardJMeterEngine: Starting 50 threads for group 執行緒群組.
2025-03-04 09:25:05,283 INFO o.a.j.e.StandardJMeterEngine: Thread will continue on error
2025-03-04 09:25:05,283 INFO o.a.j.t.ThreadGroup: Starting thread group... number=1 threads=50 ramp-up=10 delayedStart=false
2025-03-04 09:25:05,283 INFO o.a.j.t.JMeterThread: Thread started: 執行緒群組 1-1
2025-03-04 09:25:05,287 INFO o.a.j.t.ThreadGroup: Started thread group number 1
2025-03-04 09:25:05,287 INFO o.a.j.e.StandardJMeterEngine: All thread groups have been started
2025-03-04 09:25:05,484 INFO o.a.j.t.JMeterThread: Thread started: 執行緒群組 1-2
2025-03-04 09:25:05,687 INFO o.a.j.t.JMeterThread: Thread started: 執行緒群組 1-3
2025-03-04 09:25:05,892 INFO o.a.j.t.JMeterThread: Thread started: 執行緒群組 1-4
2025-03-04 09:25:06,097 INFO o.a.j.t.JMeterThread: Thread started: 執行緒群組 1-5
2025-03-04 09:25:06,298 INFO o.a.j.t.JMeterThread: Thread started: 執行緒群組 1-6
2025-03-04 09:25:06,317 INFO o.a.j.t.JMeterThread: Thread is done: 執行緒群組 1-1
2025-03-04 09:25:06,317 INFO o.a.j.t.JMeterThread: Thread finished: 執行緒群組 1-1
2025-03-04 09:25:06,486 INFO o.a.j.t.JMeterThread: Thread started: 執行緒群組 1-7
2025-03-04 09:25:06,577 INFO o.a.j.t.JMeterThread: Thread is done: 執行緒群組 1-2
2025-03-04 09:25:06,577 INFO o.a.j.t.JMeterThread: Thread finished: 執行緒群組 1-2
2025-03-04 09:25:06,633 INFO o.a.j.t.JMeterThread: Thread is done: 執行緒群組 1-4
2025-03-04 09:25:06,633 INFO o.a.j.t.JMeterThread: Thread finished: 執行緒群組 1-4
2025-03-04 09:25:06,652 INFO o.a.j.t.JMeterThread: Thread is done: 執行緒群組 1-5
2025-03-04 09:25:06,653 INFO o.a.j.t.JMeterThread: Thread finished: 執行緒群組 1-5
2025-03-04 09:25:06,685 INFO o.a.j.t.JMeterThread: Thread started: 執行緒群組 1-8
2025-03-04 09:25:06,884 INFO o.a.j.t.JMeterThread: Thread started: 執行緒群組 1-9
2025-03-04 09:25:07,083 INFO o.a.j.t.JMeterThread: Thread started: 執行緒群組 1-10
2025-03-04 09:25:07,216 INFO o.a.j.t.JMeterThread: Thread is done: 執行緒群組 1-6
2025-03-04 09:25:07,216 INFO o.a.j.t.JMeterThread: Thread finished: 執行緒群組 1-6
2025-03-04 09:25:07,271 INFO o.a.j.t.JMeterThread: Thread is done: 執行緒群組 1-3
2025-03-04 09:25:07,272 INFO o.a.j.t.JMeterThread: Thread finished: 執行緒群組 1-3
2025-03-04 09:25:07,283 INFO o.a.j.t.JMeterThread: Thread started: 執行緒群組 1-11
2025-03-04 09:25:07,485 INFO o.a.j.t.JMeterThread: Thread started: 執行緒群組 1-12
2025-03-04 09:25:07,684 INFO o.a.j.t.JMeterThread: Thread started: 執行緒群組 1-13
2025-03-04 09:25:07,884 INFO o.a.j.t.JMeterThread: Thread started: 執行緒群組 1-14
2025-03-04 09:25:07,956 INFO o.a.j.t.JMeterThread: Thread is done: 執行緒群組 1-10
2025-03-04 09:25:07,956 INFO o.a.j.t.JMeterThread: Thread finished: 執行緒群組 1-10
2025-03-04 09:25:07,986 INFO o.a.j.t.JMeterThread: Thread is done: 執行緒群組 1-9
2025-03-04 09:25:07,987 INFO o.a.j.t.JMeterThread: Thread finished: 執行緒群組 1-9
2025-03-04 09:25:08,084 INFO o.a.j.t.JMeterThread: Thread started: 執行緒群組 1-15
2025-03-04 09:25:08,087 INFO o.a.j.t.JMeterThread: Thread is done: 執行緒群組 1-7
2025-03-04 09:25:08,088 INFO o.a.j.t.JMeterThread: Thread finished: 執行緒群組 1-7
2025-03-04 09:25:08,280 INFO o.a.j.t.JMeterThread: Thread is done: 執行緒群組 1-11
2025-03-04 09:25:08,280 INFO o.a.j.t.JMeterThread: Thread finished: 執行緒群組 1-11
2025-03-04 09:25:08,284 INFO o.a.j.t.JMeterThread: Thread started: 執行緒群組 1-16
2025-03-04 09:25:08,342 INFO o.a.j.t.JMeterThread: Thread is done: 執行緒群組 1-8
2025-03-04 09:25:08,343 INFO o.a.j.t.JMeterThread: Thread finished: 執行緒群組 1-8
2025-03-04 09:25:08,430 INFO o.a.j.t.JMeterThread: Thread is done: 執行緒群組 1-14
2025-03-04 09:25:08,430 INFO o.a.j.t.JMeterThread: Thread finished: 執行緒群組 1-14
2025-03-04 09:25:08,483 INFO o.a.j.t.JMeterThread: Thread started: 執行緒群組 1-17
2025-03-04 09:25:08,683 INFO o.a.j.t.JMeterThread: Thread started: 執行緒群組 1-18
2025-03-04 09:25:08,832 INFO o.a.j.t.JMeterThread: Thread is done: 執行緒群組 1-16
2025-03-04 09:25:08,832 INFO o.a.j.t.JMeterThread: Thread finished: 執行緒群組 1-16
2025-03-04 09:25:08,883 INFO o.a.j.t.JMeterThread: Thread started: 執行緒群組 1-19
2025-03-04 09:25:08,984 INFO o.a.j.t.JMeterThread: Thread is done: 執行緒群組 1-17
2025-03-04 09:25:08,985 INFO o.a.j.t.JMeterThread: Thread finished: 執行緒群組 1-17
2025-03-04 09:25:08,994 INFO o.a.j.t.JMeterThread: Thread is done: 執行緒群組 1-12
2025-03-04 09:25:08,994 INFO o.a.j.t.JMeterThread: Thread finished: 執行緒群組 1-12
2025-03-04 09:25:09,083 INFO o.a.j.t.JMeterThread: Thread started: 執行緒群組 1-20
2025-03-04 09:25:09,232 INFO o.a.j.t.JMeterThread: Thread is done: 執行緒群組 1-18
2025-03-04 09:25:09,233 INFO o.a.j.t.JMeterThread: Thread finished: 執行緒群組 1-18
2025-03-04 09:25:09,283 INFO o.a.j.t.JMeterThread: Thread started: 執行緒群組 1-21
2025-03-04 09:25:09,442 INFO o.a.j.t.JMeterThread: Thread is done: 執行緒群組 1-19
2025-03-04 09:25:09,443 INFO o.a.j.t.JMeterThread: Thread finished: 執行緒群組 1-19
2025-03-04 09:25:09,484 INFO o.a.j.t.JMeterThread: Thread started: 執行緒群組 1-22
2025-03-04 09:25:09,683 INFO o.a.j.t.JMeterThread: Thread started: 執行緒群組 1-23
2025-03-04 09:25:09,884 INFO o.a.j.t.JMeterThread: Thread started: 執行緒群組 1-24
2025-03-04 09:25:10,085 INFO o.a.j.t.JMeterThread: Thread started: 執行緒群組 1-25
2025-03-04 09:25:10,285 INFO o.a.j.t.JMeterThread: Thread started: 執行緒群組 1-26
2025-03-04 09:25:10,485 INFO o.a.j.t.JMeterThread: Thread started: 執行緒群組 1-27
2025-03-04 09:25:10,683 INFO o.a.j.t.JMeterThread: Thread started: 執行緒群組 1-28
2025-03-04 09:25:10,883 INFO o.a.j.t.JMeterThread: Thread started: 執行緒群組 1-29
2025-03-04 09:25:11,017 INFO o.a.j.t.JMeterThread: Thread is done: 執行緒群組 1-23
2025-03-04 09:25:11,017 INFO o.a.j.t.JMeterThread: Thread finished: 執行緒群組 1-23
2025-03-04 09:25:11,071 INFO o.a.j.t.JMeterThread: Thread is done: 執行緒群組 1-21
2025-03-04 09:25:11,071 INFO o.a.j.t.JMeterThread: Thread finished: 執行緒群組 1-21
2025-03-04 09:25:11,082 INFO o.a.j.t.JMeterThread: Thread is done: 執行緒群組 1-27
2025-03-04 09:25:11,082 INFO o.a.j.t.JMeterThread: Thread finished: 執行緒群組 1-27
2025-03-04 09:25:11,083 INFO o.a.j.t.JMeterThread: Thread started: 執行緒群組 1-30
2025-03-04 09:25:11,084 INFO o.a.j.t.JMeterThread: Thread is done: 執行緒群組 1-26
2025-03-04 09:25:11,084 INFO o.a.j.t.JMeterThread: Thread finished: 執行緒群組 1-26
2025-03-04 09:25:11,283 INFO o.a.j.t.JMeterThread: Thread started: 執行緒群組 1-31
2025-03-04 09:25:11,399 INFO o.a.j.t.JMeterThread: Thread is done: 執行緒群組 1-25
2025-03-04 09:25:11,399 INFO o.a.j.t.JMeterThread: Thread finished: 執行緒群組 1-25
2025-03-04 09:25:11,483 INFO o.a.j.t.JMeterThread: Thread started: 執行緒群組 1-32
2025-03-04 09:25:11,684 INFO o.a.j.t.JMeterThread: Thread started: 執行緒群組 1-33
2025-03-04 09:25:11,746 INFO o.a.j.t.JMeterThread: Thread is done: 執行緒群組 1-28
2025-03-04 09:25:11,746 INFO o.a.j.t.JMeterThread: Thread finished: 執行緒群組 1-28
2025-03-04 09:25:11,753 INFO o.a.j.t.JMeterThread: Thread is done: 執行緒群組 1-22
2025-03-04 09:25:11,753 INFO o.a.j.t.JMeterThread: Thread finished: 執行緒群組 1-22
2025-03-04 09:25:11,884 INFO o.a.j.t.JMeterThread: Thread started: 執行緒群組 1-34
2025-03-04 09:25:11,965 INFO o.a.j.t.JMeterThread: Thread is done: 執行緒群組 1-29
2025-03-04 09:25:11,965 INFO o.a.j.t.JMeterThread: Thread finished: 執行緒群組 1-29
2025-03-04 09:25:12,032 INFO o.a.j.t.JMeterThread: Thread is done: 執行緒群組 1-15
2025-03-04 09:25:12,033 INFO o.a.j.t.JMeterThread: Thread finished: 執行緒群組 1-15
2025-03-04 09:25:12,084 INFO o.a.j.t.JMeterThread: Thread started: 執行緒群組 1-35
2025-03-04 09:25:12,088 INFO o.a.j.t.JMeterThread: Thread is done: 執行緒群組 1-20
2025-03-04 09:25:12,089 INFO o.a.j.t.JMeterThread: Thread finished: 執行緒群組 1-20
2025-03-04 09:25:12,226 INFO o.a.j.t.JMeterThread: Thread is done: 執行緒群組 1-24
2025-03-04 09:25:12,226 INFO o.a.j.t.JMeterThread: Thread finished: 執行緒群組 1-24
2025-03-04 09:25:12,284 INFO o.a.j.t.JMeterThread: Thread started: 執行緒群組 1-36
2025-03-04 09:25:12,334 INFO o.a.j.t.JMeterThread: Thread is done: 執行緒群組 1-31
2025-03-04 09:25:12,334 INFO o.a.j.t.JMeterThread: Thread finished: 執行緒群組 1-31
2025-03-04 09:25:12,485 INFO o.a.j.t.JMeterThread: Thread started: 執行緒群組 1-37
2025-03-04 09:25:12,684 INFO o.a.j.t.JMeterThread: Thread started: 執行緒群組 1-38
2025-03-04 09:25:12,864 INFO o.a.j.t.JMeterThread: Thread is done: 執行緒群組 1-33
2025-03-04 09:25:12,864 INFO o.a.j.t.JMeterThread: Thread finished: 執行緒群組 1-33
2025-03-04 09:25:12,884 INFO o.a.j.t.JMeterThread: Thread started: 執行緒群組 1-39
2025-03-04 09:25:12,889 INFO o.a.j.t.JMeterThread: Thread is done: 執行緒群組 1-30
2025-03-04 09:25:12,889 INFO o.a.j.t.JMeterThread: Thread finished: 執行緒群組 1-30
2025-03-04 09:25:12,980 INFO o.a.j.t.JMeterThread: Thread is done: 執行緒群組 1-32
2025-03-04 09:25:12,980 INFO o.a.j.t.JMeterThread: Thread finished: 執行緒群組 1-32
2025-03-04 09:25:13,085 INFO o.a.j.t.JMeterThread: Thread started: 執行緒群組 1-40
2025-03-04 09:25:13,094 INFO o.a.j.t.JMeterThread: Thread is done: 執行緒群組 1-37
2025-03-04 09:25:13,094 INFO o.a.j.t.JMeterThread: Thread finished: 執行緒群組 1-37
2025-03-04 09:25:13,284 INFO o.a.j.t.JMeterThread: Thread started: 執行緒群組 1-41
2025-03-04 09:25:13,290 INFO o.a.j.t.JMeterThread: Thread is done: 執行緒群組 1-13
2025-03-04 09:25:13,290 INFO o.a.j.t.JMeterThread: Thread finished: 執行緒群組 1-13
2025-03-04 09:25:13,483 INFO o.a.j.t.JMeterThread: Thread started: 執行緒群組 1-42
2025-03-04 09:25:13,596 INFO o.a.j.t.JMeterThread: Thread is done: 執行緒群組 1-35
2025-03-04 09:25:13,596 INFO o.a.j.t.JMeterThread: Thread finished: 執行緒群組 1-35
2025-03-04 09:25:13,683 INFO o.a.j.t.JMeterThread: Thread started: 執行緒群組 1-43
2025-03-04 09:25:13,884 INFO o.a.j.t.JMeterThread: Thread started: 執行緒群組 1-44
2025-03-04 09:25:14,083 INFO o.a.j.t.JMeterThread: Thread started: 執行緒群組 1-45
2025-03-04 09:25:14,167 INFO o.a.j.t.JMeterThread: Thread is done: 執行緒群組 1-43
2025-03-04 09:25:14,167 INFO o.a.j.t.JMeterThread: Thread finished: 執行緒群組 1-43
2025-03-04 09:25:14,283 INFO o.a.j.t.JMeterThread: Thread started: 執行緒群組 1-46
2025-03-04 09:25:14,366 INFO o.a.j.t.JMeterThread: Thread is done: 執行緒群組 1-39
2025-03-04 09:25:14,367 INFO o.a.j.t.JMeterThread: Thread finished: 執行緒群組 1-39
2025-03-04 09:25:14,484 INFO o.a.j.t.JMeterThread: Thread started: 執行緒群組 1-47
2025-03-04 09:25:14,534 INFO o.a.j.t.JMeterThread: Thread is done: 執行緒群組 1-36
2025-03-04 09:25:14,535 INFO o.a.j.t.JMeterThread: Thread finished: 執行緒群組 1-36
2025-03-04 09:25:14,613 INFO o.a.j.t.JMeterThread: Thread is done: 執行緒群組 1-45
2025-03-04 09:25:14,614 INFO o.a.j.t.JMeterThread: Thread finished: 執行緒群組 1-45
2025-03-04 09:25:14,684 INFO o.a.j.t.JMeterThread: Thread started: 執行緒群組 1-48
2025-03-04 09:25:14,818 INFO o.a.j.t.JMeterThread: Thread is done: 執行緒群組 1-46
2025-03-04 09:25:14,818 INFO o.a.j.t.JMeterThread: Thread finished: 執行緒群組 1-46
2025-03-04 09:25:14,885 INFO o.a.j.t.JMeterThread: Thread started: 執行緒群組 1-49
2025-03-04 09:25:14,960 INFO o.a.j.t.JMeterThread: Thread is done: 執行緒群組 1-47
2025-03-04 09:25:14,960 INFO o.a.j.t.JMeterThread: Thread finished: 執行緒群組 1-47
2025-03-04 09:25:14,973 INFO o.a.j.t.JMeterThread: Thread is done: 執行緒群組 1-42
2025-03-04 09:25:14,973 INFO o.a.j.t.JMeterThread: Thread finished: 執行緒群組 1-42
2025-03-04 09:25:15,084 INFO o.a.j.t.JMeterThread: Thread started: 執行緒群組 1-50
2025-03-04 09:25:15,544 INFO o.a.j.t.JMeterThread: Thread is done: 執行緒群組 1-48
2025-03-04 09:25:15,544 INFO o.a.j.t.JMeterThread: Thread finished: 執行緒群組 1-48
2025-03-04 09:25:16,039 INFO o.a.j.t.JMeterThread: Thread is done: 執行緒群組 1-44
2025-03-04 09:25:16,039 INFO o.a.j.t.JMeterThread: Thread finished: 執行緒群組 1-44
2025-03-04 09:25:16,399 INFO o.a.j.t.JMeterThread: Thread is done: 執行緒群組 1-49
2025-03-04 09:25:16,399 INFO o.a.j.t.JMeterThread: Thread finished: 執行緒群組 1-49
2025-03-04 09:25:18,082 INFO o.a.j.t.JMeterThread: Thread is done: 執行緒群組 1-50
2025-03-04 09:25:18,082 INFO o.a.j.t.JMeterThread: Thread finished: 執行緒群組 1-50
2025-03-04 09:25:27,498 INFO o.a.j.t.JMeterThread: Thread is done: 執行緒群組 1-34
2025-03-04 09:25:27,499 INFO o.a.j.t.JMeterThread: Thread finished: 執行緒群組 1-34
2025-03-04 09:25:28,639 INFO o.a.j.t.JMeterThread: Thread is done: 執行緒群組 1-38
2025-03-04 09:25:28,639 INFO o.a.j.t.JMeterThread: Thread finished: 執行緒群組 1-38
2025-03-04 09:25:29,119 INFO o.a.j.t.JMeterThread: Thread is done: 執行緒群組 1-40
2025-03-04 09:25:29,119 INFO o.a.j.t.JMeterThread: Thread finished: 執行緒群組 1-40
2025-03-04 09:25:30,479 INFO o.a.j.t.JMeterThread: Thread is done: 執行緒群組 1-41
2025-03-04 09:25:30,479 INFO o.a.j.t.JMeterThread: Thread finished: 執行緒群組 1-41
2025-03-04 09:25:30,480 INFO o.a.j.e.StandardJMeterEngine: Notifying test listeners of end of test
2025-03-04 09:25:30,480 INFO o.a.j.g.u.JMeterMenuBar: setRunning(false, *local*)
2025-03-04 09:26:15,969 INFO o.a.j.e.StandardJMeterEngine: Running the test!
2025-03-04 09:26:15,969 INFO o.a.j.s.SampleEvent: List of sample_variables: []
2025-03-04 09:26:15,969 INFO o.a.j.g.u.JMeterMenuBar: setRunning(true, *local*)
2025-03-04 09:26:16,000 INFO o.a.j.e.StandardJMeterEngine: Starting ThreadGroup: 1 : 執行緒群組
2025-03-04 09:26:16,000 INFO o.a.j.e.StandardJMeterEngine: Starting 50 threads for group 執行緒群組.
2025-03-04 09:26:16,000 INFO o.a.j.e.StandardJMeterEngine: Thread will continue on error
2025-03-04 09:26:16,000 INFO o.a.j.t.ThreadGroup: Starting thread group... number=1 threads=50 ramp-up=10 delayedStart=false
2025-03-04 09:26:16,001 INFO o.a.j.t.JMeterThread: Thread started: 執行緒群組 1-1
2025-03-04 09:26:16,008 INFO o.a.j.t.ThreadGroup: Started thread group number 1
2025-03-04 09:26:16,009 INFO o.a.j.e.StandardJMeterEngine: All thread groups have been started
2025-03-04 09:26:16,209 INFO o.a.j.t.JMeterThread: Thread started: 執行緒群組 1-2
2025-03-04 09:26:16,413 INFO o.a.j.t.JMeterThread: Thread started: 執行緒群組 1-3
2025-03-04 09:26:16,601 INFO o.a.j.t.JMeterThread: Thread started: 執行緒群組 1-4
2025-03-04 09:26:16,801 INFO o.a.j.t.JMeterThread: Thread started: 執行緒群組 1-5
2025-03-04 09:26:17,001 INFO o.a.j.t.JMeterThread: Thread started: 執行緒群組 1-6
2025-03-04 09:26:17,200 INFO o.a.j.t.JMeterThread: Thread started: 執行緒群組 1-7
2025-03-04 09:26:17,348 INFO o.a.j.t.JMeterThread: Thread is done: 執行緒群組 1-1
2025-03-04 09:26:17,348 INFO o.a.j.t.JMeterThread: Thread finished: 執行緒群組 1-1
2025-03-04 09:26:17,401 INFO o.a.j.t.JMeterThread: Thread started: 執行緒群組 1-8
2025-03-04 09:26:17,601 INFO o.a.j.t.JMeterThread: Thread started: 執行緒群組 1-9
2025-03-04 09:26:17,801 INFO o.a.j.t.JMeterThread: Thread started: 執行緒群組 1-10
2025-03-04 09:26:17,846 INFO o.a.j.t.JMeterThread: Thread is done: 執行緒群組 1-2
2025-03-04 09:26:17,846 INFO o.a.j.t.JMeterThread: Thread finished: 執行緒群組 1-2
2025-03-04 09:26:17,981 INFO o.a.j.t.JMeterThread: Thread is done: 執行緒群組 1-4
2025-03-04 09:26:17,981 INFO o.a.j.t.JMeterThread: Thread finished: 執行緒群組 1-4
2025-03-04 09:26:18,001 INFO o.a.j.t.JMeterThread: Thread started: 執行緒群組 1-11
2025-03-04 09:26:18,165 INFO o.a.j.t.JMeterThread: Thread is done: 執行緒群組 1-8
2025-03-04 09:26:18,165 INFO o.a.j.t.JMeterThread: Thread finished: 執行緒群組 1-8
2025-03-04 09:26:18,201 INFO o.a.j.t.JMeterThread: Thread started: 執行緒群組 1-12
2025-03-04 09:26:18,368 INFO o.a.j.t.JMeterThread: Thread is done: 執行緒群組 1-6
2025-03-04 09:26:18,368 INFO o.a.j.t.JMeterThread: Thread finished: 執行緒群組 1-6
2025-03-04 09:26:18,402 INFO o.a.j.t.JMeterThread: Thread started: 執行緒群組 1-13
2025-03-04 09:26:18,482 INFO o.a.j.t.JMeterThread: Thread is done: 執行緒群組 1-9
2025-03-04 09:26:18,482 INFO o.a.j.t.JMeterThread: Thread finished: 執行緒群組 1-9
2025-03-04 09:26:18,601 INFO o.a.j.t.JMeterThread: Thread started: 執行緒群組 1-14
2025-03-04 09:26:18,628 INFO o.a.j.t.JMeterThread: Thread is done: 執行緒群組 1-10
2025-03-04 09:26:18,628 INFO o.a.j.t.JMeterThread: Thread finished: 執行緒群組 1-10
2025-03-04 09:26:18,800 INFO o.a.j.t.JMeterThread: Thread started: 執行緒群組 1-15
2025-03-04 09:26:18,968 INFO o.a.j.t.JMeterThread: Thread is done: 執行緒群組 1-5
2025-03-04 09:26:18,968 INFO o.a.j.t.JMeterThread: Thread finished: 執行緒群組 1-5
2025-03-04 09:26:19,000 INFO o.a.j.t.JMeterThread: Thread started: 執行緒群組 1-16
2025-03-04 09:26:19,033 INFO o.a.j.t.JMeterThread: Thread is done: 執行緒群組 1-3
2025-03-04 09:26:19,033 INFO o.a.j.t.JMeterThread: Thread finished: 執行緒群組 1-3
2025-03-04 09:26:19,089 INFO o.a.j.t.JMeterThread: Thread is done: 執行緒群組 1-11
2025-03-04 09:26:19,090 INFO o.a.j.t.JMeterThread: Thread finished: 執行緒群組 1-11
2025-03-04 09:26:19,130 INFO o.a.j.t.JMeterThread: Thread is done: 執行緒群組 1-7
2025-03-04 09:26:19,130 INFO o.a.j.t.JMeterThread: Thread finished: 執行緒群組 1-7
2025-03-04 09:26:19,202 INFO o.a.j.t.JMeterThread: Thread started: 執行緒群組 1-17
2025-03-04 09:26:19,241 INFO o.a.j.t.JMeterThread: Thread is done: 執行緒群組 1-13
2025-03-04 09:26:19,241 INFO o.a.j.t.JMeterThread: Thread finished: 執行緒群組 1-13
2025-03-04 09:26:19,402 INFO o.a.j.t.JMeterThread: Thread started: 執行緒群組 1-18
2025-03-04 09:26:19,552 INFO o.a.j.t.JMeterThread: Thread is done: 執行緒群組 1-12
2025-03-04 09:26:19,552 INFO o.a.j.t.JMeterThread: Thread finished: 執行緒群組 1-12
2025-03-04 09:26:19,601 INFO o.a.j.t.JMeterThread: Thread started: 執行緒群組 1-19
2025-03-04 09:26:19,801 INFO o.a.j.t.JMeterThread: Thread started: 執行緒群組 1-20
2025-03-04 09:26:19,899 INFO o.a.j.t.JMeterThread: Thread is done: 執行緒群組 1-16
2025-03-04 09:26:19,899 INFO o.a.j.t.JMeterThread: Thread finished: 執行緒群組 1-16
2025-03-04 09:26:20,002 INFO o.a.j.t.JMeterThread: Thread started: 執行緒群組 1-21
2025-03-04 09:26:20,201 INFO o.a.j.t.JMeterThread: Thread started: 執行緒群組 1-22
2025-03-04 09:26:20,400 INFO o.a.j.t.JMeterThread: Thread started: 執行緒群組 1-23
2025-03-04 09:26:20,432 INFO o.a.j.t.JMeterThread: Thread is done: 執行緒群組 1-20
2025-03-04 09:26:20,432 INFO o.a.j.t.JMeterThread: Thread finished: 執行緒群組 1-20
2025-03-04 09:26:20,567 INFO o.a.j.t.JMeterThread: Thread is done: 執行緒群組 1-21
2025-03-04 09:26:20,568 INFO o.a.j.t.JMeterThread: Thread finished: 執行緒群組 1-21
2025-03-04 09:26:20,600 INFO o.a.j.t.JMeterThread: Thread started: 執行緒群組 1-24
2025-03-04 09:26:20,615 INFO o.a.j.t.JMeterThread: Thread is done: 執行緒群組 1-14
2025-03-04 09:26:20,615 INFO o.a.j.t.JMeterThread: Thread finished: 執行緒群組 1-14
2025-03-04 09:26:20,735 INFO o.a.j.t.JMeterThread: Thread is done: 執行緒群組 1-15
2025-03-04 09:26:20,735 INFO o.a.j.t.JMeterThread: Thread finished: 執行緒群組 1-15
2025-03-04 09:26:20,766 INFO o.a.j.t.JMeterThread: Thread is done: 執行緒群組 1-22
2025-03-04 09:26:20,767 INFO o.a.j.t.JMeterThread: Thread finished: 執行緒群組 1-22
2025-03-04 09:26:20,794 INFO o.a.j.t.JMeterThread: Thread is done: 執行緒群組 1-17
2025-03-04 09:26:20,794 INFO o.a.j.t.JMeterThread: Thread finished: 執行緒群組 1-17
2025-03-04 09:26:20,800 INFO o.a.j.t.JMeterThread: Thread started: 執行緒群組 1-25
2025-03-04 09:26:21,000 INFO o.a.j.t.JMeterThread: Thread started: 執行緒群組 1-26
2025-03-04 09:26:21,104 INFO o.a.j.t.JMeterThread: Thread is done: 執行緒群組 1-24
2025-03-04 09:26:21,104 INFO o.a.j.t.JMeterThread: Thread finished: 執行緒群組 1-24
2025-03-04 09:26:21,204 INFO o.a.j.t.JMeterThread: Thread started: 執行緒群組 1-27
2025-03-04 09:26:21,226 INFO o.a.j.t.JMeterThread: Thread is done: 執行緒群組 1-19
2025-03-04 09:26:21,226 INFO o.a.j.t.JMeterThread: Thread finished: 執行緒群組 1-19
2025-03-04 09:26:21,250 INFO o.a.j.t.JMeterThread: Thread is done: 執行緒群組 1-23
2025-03-04 09:26:21,250 INFO o.a.j.t.JMeterThread: Thread finished: 執行緒群組 1-23
2025-03-04 09:26:21,402 INFO o.a.j.t.JMeterThread: Thread started: 執行緒群組 1-28
2025-03-04 09:26:21,530 INFO o.a.j.t.JMeterThread: Thread is done: 執行緒群組 1-18
2025-03-04 09:26:21,530 INFO o.a.j.t.JMeterThread: Thread finished: 執行緒群組 1-18
2025-03-04 09:26:21,601 INFO o.a.j.t.JMeterThread: Thread started: 執行緒群組 1-29
2025-03-04 09:26:21,801 INFO o.a.j.t.JMeterThread: Thread started: 執行緒群組 1-30
2025-03-04 09:26:21,807 INFO o.a.j.t.JMeterThread: Thread is done: 執行緒群組 1-27
2025-03-04 09:26:21,807 INFO o.a.j.t.JMeterThread: Thread finished: 執行緒群組 1-27
2025-03-04 09:26:22,001 INFO o.a.j.t.JMeterThread: Thread started: 執行緒群組 1-31
2025-03-04 09:26:22,201 INFO o.a.j.t.JMeterThread: Thread started: 執行緒群組 1-32
2025-03-04 09:26:22,400 INFO o.a.j.t.JMeterThread: Thread started: 執行緒群組 1-33
2025-03-04 09:26:22,433 INFO o.a.j.t.JMeterThread: Thread is done: 執行緒群組 1-25
2025-03-04 09:26:22,433 INFO o.a.j.t.JMeterThread: Thread finished: 執行緒群組 1-25
2025-03-04 09:26:22,460 INFO o.a.j.t.JMeterThread: Thread is done: 執行緒群組 1-29
2025-03-04 09:26:22,460 INFO o.a.j.t.JMeterThread: Thread finished: 執行緒群組 1-29
2025-03-04 09:26:22,600 INFO o.a.j.t.JMeterThread: Thread started: 執行緒群組 1-34
2025-03-04 09:26:22,800 INFO o.a.j.t.JMeterThread: Thread started: 執行緒群組 1-35
2025-03-04 09:26:22,958 INFO o.a.j.t.JMeterThread: Thread is done: 執行緒群組 1-28
2025-03-04 09:26:22,959 INFO o.a.j.t.JMeterThread: Thread finished: 執行緒群組 1-28
2025-03-04 09:26:23,000 INFO o.a.j.t.JMeterThread: Thread started: 執行緒群組 1-36
2025-03-04 09:26:23,201 INFO o.a.j.t.JMeterThread: Thread started: 執行緒群組 1-37
2025-03-04 09:26:23,315 INFO o.a.j.t.JMeterThread: Thread is done: 執行緒群組 1-33
2025-03-04 09:26:23,315 INFO o.a.j.t.JMeterThread: Thread finished: 執行緒群組 1-33
2025-03-04 09:26:23,402 INFO o.a.j.t.JMeterThread: Thread started: 執行緒群組 1-38
2025-03-04 09:26:23,560 INFO o.a.j.t.JMeterThread: Thread is done: 執行緒群組 1-31
2025-03-04 09:26:23,560 INFO o.a.j.t.JMeterThread: Thread finished: 執行緒群組 1-31
2025-03-04 09:26:23,602 INFO o.a.j.t.JMeterThread: Thread started: 執行緒群組 1-39
2025-03-04 09:26:23,697 INFO o.a.j.t.JMeterThread: Thread is done: 執行緒群組 1-37
2025-03-04 09:26:23,697 INFO o.a.j.t.JMeterThread: Thread finished: 執行緒群組 1-37
2025-03-04 09:26:23,801 INFO o.a.j.t.JMeterThread: Thread started: 執行緒群組 1-40
2025-03-04 09:26:23,810 INFO o.a.j.t.JMeterThread: Thread is done: 執行緒群組 1-34
2025-03-04 09:26:23,810 INFO o.a.j.t.JMeterThread: Thread finished: 執行緒群組 1-34
2025-03-04 09:26:23,904 INFO o.a.j.t.JMeterThread: Thread is done: 執行緒群組 1-30
2025-03-04 09:26:23,904 INFO o.a.j.t.JMeterThread: Thread finished: 執行緒群組 1-30
2025-03-04 09:26:24,001 INFO o.a.j.t.JMeterThread: Thread started: 執行緒群組 1-41
2025-03-04 09:26:24,050 INFO o.a.j.t.JMeterThread: Thread is done: 執行緒群組 1-39
2025-03-04 09:26:24,050 INFO o.a.j.t.JMeterThread: Thread finished: 執行緒群組 1-39
2025-03-04 09:26:24,091 INFO o.a.j.t.JMeterThread: Thread is done: 執行緒群組 1-26
2025-03-04 09:26:24,091 INFO o.a.j.t.JMeterThread: Thread finished: 執行緒群組 1-26
2025-03-04 09:26:24,200 INFO o.a.j.t.JMeterThread: Thread started: 執行緒群組 1-42
2025-03-04 09:26:24,271 INFO o.a.j.t.JMeterThread: Thread is done: 執行緒群組 1-35
2025-03-04 09:26:24,272 INFO o.a.j.t.JMeterThread: Thread finished: 執行緒群組 1-35
2025-03-04 09:26:24,287 INFO o.a.j.t.JMeterThread: Thread is done: 執行緒群組 1-32
2025-03-04 09:26:24,288 INFO o.a.j.t.JMeterThread: Thread finished: 執行緒群組 1-32
2025-03-04 09:26:24,326 INFO o.a.j.t.JMeterThread: Thread is done: 執行緒群組 1-38
2025-03-04 09:26:24,326 INFO o.a.j.t.JMeterThread: Thread finished: 執行緒群組 1-38
2025-03-04 09:26:24,401 INFO o.a.j.t.JMeterThread: Thread started: 執行緒群組 1-43
2025-03-04 09:26:24,450 INFO o.a.j.t.JMeterThread: Thread is done: 執行緒群組 1-41
2025-03-04 09:26:24,450 INFO o.a.j.t.JMeterThread: Thread finished: 執行緒群組 1-41
2025-03-04 09:26:24,601 INFO o.a.j.t.JMeterThread: Thread started: 執行緒群組 1-44
2025-03-04 09:26:24,618 INFO o.a.j.t.JMeterThread: Thread is done: 執行緒群組 1-40
2025-03-04 09:26:24,618 INFO o.a.j.t.JMeterThread: Thread finished: 執行緒群組 1-40
2025-03-04 09:26:24,800 INFO o.a.j.t.JMeterThread: Thread started: 執行緒群組 1-45
2025-03-04 09:26:24,831 INFO o.a.j.t.JMeterThread: Thread is done: 執行緒群組 1-36
2025-03-04 09:26:24,831 INFO o.a.j.t.JMeterThread: Thread finished: 執行緒群組 1-36
2025-03-04 09:26:25,000 INFO o.a.j.t.JMeterThread: Thread started: 執行緒群組 1-46
2025-03-04 09:26:25,201 INFO o.a.j.t.JMeterThread: Thread started: 執行緒群組 1-47
2025-03-04 09:26:25,352 INFO o.a.j.t.JMeterThread: Thread is done: 執行緒群組 1-42
2025-03-04 09:26:25,352 INFO o.a.j.t.JMeterThread: Thread finished: 執行緒群組 1-42
2025-03-04 09:26:25,401 INFO o.a.j.t.JMeterThread: Thread started: 執行緒群組 1-48
2025-03-04 09:26:25,560 INFO o.a.j.t.JMeterThread: Thread is done: 執行緒群組 1-44
2025-03-04 09:26:25,560 INFO o.a.j.t.JMeterThread: Thread finished: 執行緒群組 1-44
2025-03-04 09:26:25,601 INFO o.a.j.t.JMeterThread: Thread started: 執行緒群組 1-49
2025-03-04 09:26:25,695 INFO o.a.j.t.JMeterThread: Thread is done: 執行緒群組 1-47
2025-03-04 09:26:25,695 INFO o.a.j.t.JMeterThread: Thread finished: 執行緒群組 1-47
2025-03-04 09:26:25,802 INFO o.a.j.t.JMeterThread: Thread started: 執行緒群組 1-50
2025-03-04 09:26:25,881 INFO o.a.j.t.JMeterThread: Thread is done: 執行緒群組 1-46
2025-03-04 09:26:25,881 INFO o.a.j.t.JMeterThread: Thread finished: 執行緒群組 1-46
2025-03-04 09:26:25,960 INFO o.a.j.t.JMeterThread: Thread is done: 執行緒群組 1-43
2025-03-04 09:26:25,960 INFO o.a.j.t.JMeterThread: Thread finished: 執行緒群組 1-43
2025-03-04 09:26:26,048 INFO o.a.j.t.JMeterThread: Thread is done: 執行緒群組 1-48
2025-03-04 09:26:26,048 INFO o.a.j.t.JMeterThread: Thread finished: 執行緒群組 1-48
2025-03-04 09:26:26,545 INFO o.a.j.t.JMeterThread: Thread is done: 執行緒群組 1-45
2025-03-04 09:26:26,545 INFO o.a.j.t.JMeterThread: Thread finished: 執行緒群組 1-45
2025-03-04 09:26:27,169 INFO o.a.j.t.JMeterThread: Thread is done: 執行緒群組 1-49
2025-03-04 09:26:27,169 INFO o.a.j.t.JMeterThread: Thread finished: 執行緒群組 1-49
2025-03-04 09:26:27,337 INFO o.a.j.t.JMeterThread: Thread is done: 執行緒群組 1-50
2025-03-04 09:26:27,337 INFO o.a.j.t.JMeterThread: Thread finished: 執行緒群組 1-50
2025-03-04 09:26:27,338 INFO o.a.j.e.StandardJMeterEngine: Notifying test listeners of end of test
2025-03-04 09:26:27,339 INFO o.a.j.g.u.JMeterMenuBar: setRunning(false, *local*)
2025-03-04 09:26:38,739 INFO o.a.j.e.StandardJMeterEngine: Running the test!
2025-03-04 09:26:38,739 INFO o.a.j.s.SampleEvent: List of sample_variables: []
2025-03-04 09:26:38,739 INFO o.a.j.g.u.JMeterMenuBar: setRunning(true, *local*)
2025-03-04 09:26:38,766 INFO o.a.j.e.StandardJMeterEngine: Starting ThreadGroup: 1 : 執行緒群組
2025-03-04 09:26:38,766 INFO o.a.j.e.StandardJMeterEngine: Starting 50 threads for group 執行緒群組.
2025-03-04 09:26:38,766 INFO o.a.j.e.StandardJMeterEngine: Thread will continue on error
2025-03-04 09:26:38,766 INFO o.a.j.t.ThreadGroup: Starting thread group... number=1 threads=50 ramp-up=10 delayedStart=false
2025-03-04 09:26:38,767 INFO o.a.j.t.JMeterThread: Thread started: 執行緒群組 1-1
2025-03-04 09:26:38,770 INFO o.a.j.t.ThreadGroup: Started thread group number 1
2025-03-04 09:26:38,770 INFO o.a.j.e.StandardJMeterEngine: All thread groups have been started
2025-03-04 09:26:38,967 INFO o.a.j.t.JMeterThread: Thread started: 執行緒群組 1-2
2025-03-04 09:26:39,168 INFO o.a.j.t.JMeterThread: Thread started: 執行緒群組 1-3
2025-03-04 09:26:39,367 INFO o.a.j.t.JMeterThread: Thread started: 執行緒群組 1-4
2025-03-04 09:26:39,567 INFO o.a.j.t.JMeterThread: Thread started: 執行緒群組 1-5
2025-03-04 09:26:39,768 INFO o.a.j.t.JMeterThread: Thread started: 執行緒群組 1-6
2025-03-04 09:26:39,964 INFO o.a.j.t.JMeterThread: Thread is done: 執行緒群組 1-4
2025-03-04 09:26:39,964 INFO o.a.j.t.JMeterThread: Thread finished: 執行緒群組 1-4
2025-03-04 09:26:39,966 INFO o.a.j.t.JMeterThread: Thread started: 執行緒群組 1-7
2025-03-04 09:26:40,166 INFO o.a.j.t.JMeterThread: Thread started: 執行緒群組 1-8
2025-03-04 09:26:40,366 INFO o.a.j.t.JMeterThread: Thread started: 執行緒群組 1-9
2025-03-04 09:26:40,566 INFO o.a.j.t.JMeterThread: Thread started: 執行緒群組 1-10
2025-03-04 09:26:40,766 INFO o.a.j.t.JMeterThread: Thread started: 執行緒群組 1-11
2025-03-04 09:26:40,812 INFO o.a.j.t.JMeterThread: Thread is done: 執行緒群組 1-5
2025-03-04 09:26:40,812 INFO o.a.j.t.JMeterThread: Thread finished: 執行緒群組 1-5
2025-03-04 09:26:40,849 INFO o.a.j.t.JMeterThread: Thread is done: 執行緒群組 1-2
2025-03-04 09:26:40,849 INFO o.a.j.t.JMeterThread: Thread finished: 執行緒群組 1-2
2025-03-04 09:26:40,861 INFO o.a.j.t.JMeterThread: Thread is done: 執行緒群組 1-1
2025-03-04 09:26:40,861 INFO o.a.j.t.JMeterThread: Thread finished: 執行緒群組 1-1
2025-03-04 09:26:40,967 INFO o.a.j.t.JMeterThread: Thread started: 執行緒群組 1-12
2025-03-04 09:26:41,004 INFO o.a.j.t.JMeterThread: Thread is done: 執行緒群組 1-6
2025-03-04 09:26:41,005 INFO o.a.j.t.JMeterThread: Thread finished: 執行緒群組 1-6
2025-03-04 09:26:41,167 INFO o.a.j.t.JMeterThread: Thread started: 執行緒群組 1-13
2025-03-04 09:26:41,195 INFO o.a.j.t.JMeterThread: Thread is done: 執行緒群組 1-9
2025-03-04 09:26:41,195 INFO o.a.j.t.JMeterThread: Thread is done: 執行緒群組 1-7
2025-03-04 09:26:41,196 INFO o.a.j.t.JMeterThread: Thread finished: 執行緒群組 1-9
2025-03-04 09:26:41,196 INFO o.a.j.t.JMeterThread: Thread finished: 執行緒群組 1-7
2025-03-04 09:26:41,366 INFO o.a.j.t.JMeterThread: Thread started: 執行緒群組 1-14
2025-03-04 09:26:41,387 INFO o.a.j.t.JMeterThread: Thread is done: 執行緒群組 1-10
2025-03-04 09:26:41,387 INFO o.a.j.t.JMeterThread: Thread finished: 執行緒群組 1-10
2025-03-04 09:26:41,566 INFO o.a.j.t.JMeterThread: Thread started: 執行緒群組 1-15
2025-03-04 09:26:41,767 INFO o.a.j.t.JMeterThread: Thread started: 執行緒群組 1-16
2025-03-04 09:26:41,923 INFO o.a.j.t.JMeterThread: Thread is done: 執行緒群組 1-12
2025-03-04 09:26:41,923 INFO o.a.j.t.JMeterThread: Thread finished: 執行緒群組 1-12
2025-03-04 09:26:41,934 INFO o.a.j.t.JMeterThread: Thread is done: 執行緒群組 1-11
2025-03-04 09:26:41,934 INFO o.a.j.t.JMeterThread: Thread finished: 執行緒群組 1-11
2025-03-04 09:26:41,967 INFO o.a.j.t.JMeterThread: Thread started: 執行緒群組 1-17
2025-03-04 09:26:42,167 INFO o.a.j.t.JMeterThread: Thread started: 執行緒群組 1-18
2025-03-04 09:26:42,199 INFO o.a.j.t.JMeterThread: Thread is done: 執行緒群組 1-14
2025-03-04 09:26:42,199 INFO o.a.j.t.JMeterThread: Thread finished: 執行緒群組 1-14
2025-03-04 09:26:42,367 INFO o.a.j.t.JMeterThread: Thread started: 執行緒群組 1-19
2025-03-04 09:26:42,519 INFO o.a.j.t.JMeterThread: Thread is done: 執行緒群組 1-17
2025-03-04 09:26:42,519 INFO o.a.j.t.JMeterThread: Thread finished: 執行緒群組 1-17
2025-03-04 09:26:42,567 INFO o.a.j.t.JMeterThread: Thread started: 執行緒群組 1-20
2025-03-04 09:26:42,766 INFO o.a.j.t.JMeterThread: Thread started: 執行緒群組 1-21
2025-03-04 09:26:42,794 INFO o.a.j.t.JMeterThread: Thread is done: 執行緒群組 1-8
2025-03-04 09:26:42,795 INFO o.a.j.t.JMeterThread: Thread finished: 執行緒群組 1-8
2025-03-04 09:26:42,966 INFO o.a.j.t.JMeterThread: Thread started: 執行緒群組 1-22
2025-03-04 09:26:43,167 INFO o.a.j.t.JMeterThread: Thread started: 執行緒群組 1-23
2025-03-04 09:26:43,257 INFO o.a.j.t.JMeterThread: Thread is done: 執行緒群組 1-18
2025-03-04 09:26:43,257 INFO o.a.j.t.JMeterThread: Thread finished: 執行緒群組 1-18
2025-03-04 09:26:43,367 INFO o.a.j.t.JMeterThread: Thread started: 執行緒群組 1-24
2025-03-04 09:26:43,567 INFO o.a.j.t.JMeterThread: Thread started: 執行緒群組 1-25
2025-03-04 09:26:43,645 INFO o.a.j.t.JMeterThread: Thread is done: 執行緒群組 1-16
2025-03-04 09:26:43,645 INFO o.a.j.t.JMeterThread: Thread finished: 執行緒群組 1-16
2025-03-04 09:26:43,767 INFO o.a.j.t.JMeterThread: Thread started: 執行緒群組 1-26
2025-03-04 09:26:43,881 INFO o.a.j.t.JMeterThread: Thread is done: 執行緒群組 1-21
2025-03-04 09:26:43,881 INFO o.a.j.t.JMeterThread: Thread finished: 執行緒群組 1-21
2025-03-04 09:26:43,884 INFO o.a.j.t.JMeterThread: Thread is done: 執行緒群組 1-22
2025-03-04 09:26:43,884 INFO o.a.j.t.JMeterThread: Thread finished: 執行緒群組 1-22
2025-03-04 09:26:43,967 INFO o.a.j.t.JMeterThread: Thread started: 執行緒群組 1-27
2025-03-04 09:26:44,007 INFO o.a.j.t.JMeterThread: Thread is done: 執行緒群組 1-20
2025-03-04 09:26:44,007 INFO o.a.j.t.JMeterThread: Thread finished: 執行緒群組 1-20
2025-03-04 09:26:44,165 INFO o.a.j.t.JMeterThread: Thread is done: 執行緒群組 1-19
2025-03-04 09:26:44,165 INFO o.a.j.t.JMeterThread: Thread finished: 執行緒群組 1-19
2025-03-04 09:26:44,167 INFO o.a.j.t.JMeterThread: Thread started: 執行緒群組 1-28
2025-03-04 09:26:44,366 INFO o.a.j.t.JMeterThread: Thread started: 執行緒群組 1-29
2025-03-04 09:26:44,448 INFO o.a.j.t.JMeterThread: Thread is done: 執行緒群組 1-15
2025-03-04 09:26:44,448 INFO o.a.j.t.JMeterThread: Thread finished: 執行緒群組 1-15
2025-03-04 09:26:44,510 INFO o.a.j.t.JMeterThread: Thread is done: 執行緒群組 1-27
2025-03-04 09:26:44,510 INFO o.a.j.t.JMeterThread: Thread finished: 執行緒群組 1-27
2025-03-04 09:26:44,566 INFO o.a.j.t.JMeterThread: Thread started: 執行緒群組 1-30
2025-03-04 09:26:44,586 INFO o.a.j.t.JMeterThread: Thread is done: 執行緒群組 1-13
2025-03-04 09:26:44,586 INFO o.a.j.t.JMeterThread: Thread finished: 執行緒群組 1-13
2025-03-04 09:26:44,767 INFO o.a.j.t.JMeterThread: Thread started: 執行緒群組 1-31
2025-03-04 09:26:44,927 INFO o.a.j.t.JMeterThread: Thread is done: 執行緒群組 1-24
2025-03-04 09:26:44,927 INFO o.a.j.t.JMeterThread: Thread finished: 執行緒群組 1-24
2025-03-04 09:26:44,950 INFO o.a.j.t.JMeterThread: Thread is done: 執行緒群組 1-23
2025-03-04 09:26:44,950 INFO o.a.j.t.JMeterThread: Thread finished: 執行緒群組 1-23
2025-03-04 09:26:44,967 INFO o.a.j.t.JMeterThread: Thread started: 執行緒群組 1-32
2025-03-04 09:26:45,023 INFO o.a.j.t.JMeterThread: Thread is done: 執行緒群組 1-28
2025-03-04 09:26:45,023 INFO o.a.j.t.JMeterThread: Thread finished: 執行緒群組 1-28
2025-03-04 09:26:45,028 INFO o.a.j.t.JMeterThread: Thread is done: 執行緒群組 1-30
2025-03-04 09:26:45,028 INFO o.a.j.t.JMeterThread: Thread finished: 執行緒群組 1-30
2025-03-04 09:26:45,167 INFO o.a.j.t.JMeterThread: Thread started: 執行緒群組 1-33
2025-03-04 09:26:45,316 INFO o.a.j.t.JMeterThread: Thread is done: 執行緒群組 1-25
2025-03-04 09:26:45,316 INFO o.a.j.t.JMeterThread: Thread finished: 執行緒群組 1-25
2025-03-04 09:26:45,366 INFO o.a.j.t.JMeterThread: Thread started: 執行緒群組 1-34
2025-03-04 09:26:45,514 INFO o.a.j.t.JMeterThread: Thread is done: 執行緒群組 1-32
2025-03-04 09:26:45,514 INFO o.a.j.t.JMeterThread: Thread finished: 執行緒群組 1-32
2025-03-04 09:26:45,566 INFO o.a.j.t.JMeterThread: Thread started: 執行緒群組 1-35
2025-03-04 09:26:45,714 INFO o.a.j.t.JMeterThread: Thread is done: 執行緒群組 1-33
2025-03-04 09:26:45,714 INFO o.a.j.t.JMeterThread: Thread finished: 執行緒群組 1-33
2025-03-04 09:26:45,763 INFO o.a.j.t.JMeterThread: Thread is done: 執行緒群組 1-26
2025-03-04 09:26:45,763 INFO o.a.j.t.JMeterThread: Thread finished: 執行緒群組 1-26
2025-03-04 09:26:45,766 INFO o.a.j.t.JMeterThread: Thread started: 執行緒群組 1-36
2025-03-04 09:26:45,967 INFO o.a.j.t.JMeterThread: Thread started: 執行緒群組 1-37
2025-03-04 09:26:46,161 INFO o.a.j.t.JMeterThread: Thread is done: 執行緒群組 1-31
2025-03-04 09:26:46,161 INFO o.a.j.t.JMeterThread: Thread finished: 執行緒群組 1-31
2025-03-04 09:26:46,167 INFO o.a.j.t.JMeterThread: Thread started: 執行緒群組 1-38
2025-03-04 09:26:46,367 INFO o.a.j.t.JMeterThread: Thread started: 執行緒群組 1-39
2025-03-04 09:26:46,567 INFO o.a.j.t.JMeterThread: Thread started: 執行緒群組 1-40
2025-03-04 09:26:46,766 INFO o.a.j.t.JMeterThread: Thread started: 執行緒群組 1-41
2025-03-04 09:26:46,856 INFO o.a.j.t.JMeterThread: Thread is done: 執行緒群組 1-29
2025-03-04 09:26:46,856 INFO o.a.j.t.JMeterThread: Thread finished: 執行緒群組 1-29
2025-03-04 09:26:46,967 INFO o.a.j.t.JMeterThread: Thread started: 執行緒群組 1-42
2025-03-04 09:26:47,167 INFO o.a.j.t.JMeterThread: Thread started: 執行緒群組 1-43
2025-03-04 09:26:47,280 INFO o.a.j.t.JMeterThread: Thread is done: 執行緒群組 1-34
2025-03-04 09:26:47,280 INFO o.a.j.t.JMeterThread: Thread finished: 執行緒群組 1-34
2025-03-04 09:26:47,320 INFO o.a.j.t.JMeterThread: Thread is done: 執行緒群組 1-36
2025-03-04 09:26:47,321 INFO o.a.j.t.JMeterThread: Thread finished: 執行緒群組 1-36
2025-03-04 09:26:47,321 INFO o.a.j.t.JMeterThread: Thread is done: 執行緒群組 1-39
2025-03-04 09:26:47,321 INFO o.a.j.t.JMeterThread: Thread finished: 執行緒群組 1-39
2025-03-04 09:26:47,367 INFO o.a.j.t.JMeterThread: Thread started: 執行緒群組 1-44
2025-03-04 09:26:47,471 INFO o.a.j.t.JMeterThread: Thread is done: 執行緒群組 1-40
2025-03-04 09:26:47,471 INFO o.a.j.t.JMeterThread: Thread finished: 執行緒群組 1-40
2025-03-04 09:26:47,525 INFO o.a.j.t.JMeterThread: Thread is done: 執行緒群組 1-42
2025-03-04 09:26:47,525 INFO o.a.j.t.JMeterThread: Thread finished: 執行緒群組 1-42
2025-03-04 09:26:47,567 INFO o.a.j.t.JMeterThread: Thread started: 執行緒群組 1-45
2025-03-04 09:26:47,649 INFO o.a.j.t.JMeterThread: Thread is done: 執行緒群組 1-37
2025-03-04 09:26:47,649 INFO o.a.j.t.JMeterThread: Thread finished: 執行緒群組 1-37
2025-03-04 09:26:47,720 INFO o.a.j.t.JMeterThread: Thread is done: 執行緒群組 1-43
2025-03-04 09:26:47,720 INFO o.a.j.t.JMeterThread: Thread finished: 執行緒群組 1-43
2025-03-04 09:26:47,767 INFO o.a.j.t.JMeterThread: Thread started: 執行緒群組 1-46
2025-03-04 09:26:47,822 INFO o.a.j.t.JMeterThread: Thread is done: 執行緒群組 1-41
2025-03-04 09:26:47,822 INFO o.a.j.t.JMeterThread: Thread finished: 執行緒群組 1-41
2025-03-04 09:26:47,966 INFO o.a.j.t.JMeterThread: Thread started: 執行緒群組 1-47
2025-03-04 09:26:48,065 INFO o.a.j.t.JMeterThread: Thread is done: 執行緒群組 1-44
2025-03-04 09:26:48,065 INFO o.a.j.t.JMeterThread: Thread finished: 執行緒群組 1-44
2025-03-04 09:26:48,164 INFO o.a.j.t.JMeterThread: Thread is done: 執行緒群組 1-38
2025-03-04 09:26:48,164 INFO o.a.j.t.JMeterThread: Thread finished: 執行緒群組 1-38
2025-03-04 09:26:48,168 INFO o.a.j.t.JMeterThread: Thread started: 執行緒群組 1-48
2025-03-04 09:26:48,367 INFO o.a.j.t.JMeterThread: Thread started: 執行緒群組 1-49
2025-03-04 09:26:48,380 INFO o.a.j.t.JMeterThread: Thread is done: 執行緒群組 1-45
2025-03-04 09:26:48,380 INFO o.a.j.t.JMeterThread: Thread finished: 執行緒群組 1-45
2025-03-04 09:26:48,567 INFO o.a.j.t.JMeterThread: Thread started: 執行緒群組 1-50
2025-03-04 09:26:48,894 INFO o.a.j.t.JMeterThread: Thread is done: 執行緒群組 1-47
2025-03-04 09:26:48,894 INFO o.a.j.t.JMeterThread: Thread finished: 執行緒群組 1-47
2025-03-04 09:26:49,002 INFO o.a.j.t.JMeterThread: Thread is done: 執行緒群組 1-48
2025-03-04 09:26:49,002 INFO o.a.j.t.JMeterThread: Thread finished: 執行緒群組 1-48
2025-03-04 09:26:49,024 INFO o.a.j.t.JMeterThread: Thread is done: 執行緒群組 1-49
2025-03-04 09:26:49,024 INFO o.a.j.t.JMeterThread: Thread finished: 執行緒群組 1-49
2025-03-04 09:26:49,045 INFO o.a.j.t.JMeterThread: Thread is done: 執行緒群組 1-35
2025-03-04 09:26:49,045 INFO o.a.j.t.JMeterThread: Thread finished: 執行緒群組 1-35
2025-03-04 09:26:49,277 INFO o.a.j.t.JMeterThread: Thread is done: 執行緒群組 1-46
2025-03-04 09:26:49,277 INFO o.a.j.t.JMeterThread: Thread finished: 執行緒群組 1-46
2025-03-04 09:26:49,767 INFO o.a.j.t.JMeterThread: Thread is done: 執行緒群組 1-50
2025-03-04 09:26:49,767 INFO o.a.j.t.JMeterThread: Thread finished: 執行緒群組 1-50
2025-03-04 09:26:54,801 INFO o.a.j.t.JMeterThread: Thread is done: 執行緒群組 1-3
2025-03-04 09:26:54,801 INFO o.a.j.t.JMeterThread: Thread finished: 執行緒群組 1-3
2025-03-04 09:26:54,801 INFO o.a.j.e.StandardJMeterEngine: Notifying test listeners of end of test
2025-03-04 09:26:54,801 INFO o.a.j.g.u.JMeterMenuBar: setRunning(false, *local*)
